<?xml version="1.0" encoding="UTF-8"?>
<testsuite name="com.ev.challenge.controller.AccountControllerTest" tests="1" skipped="0" failures="0" errors="0" timestamp="2022-01-11T16:44:46" hostname="ENB1167" time="0.391">
  <properties/>
  <testcase name="withdrawal()" classname="com.ev.challenge.controller.AccountControllerTest" time="0.391"/>
  <system-out><![CDATA[2022-01-11 13:44:44.993  INFO 21600 --- [    Test worker] .b.t.a.w.s.WebMvcTestContextBootstrapper : Neither @ContextConfiguration nor @ContextHierarchy found for test class [com.ev.challenge.controller.AccountControllerTest], using SpringBootContextLoader
2022-01-11 13:44:44.995  INFO 21600 --- [    Test worker] o.s.t.c.support.AbstractContextLoader    : Could not detect default resource locations for test class [com.ev.challenge.controller.AccountControllerTest]: no resource found for suffixes {-context.xml, Context.groovy}.
2022-01-11 13:44:44.995  INFO 21600 --- [    Test worker] t.c.s.AnnotationConfigContextLoaderUtils : Could not detect default configuration classes for test class [com.ev.challenge.controller.AccountControllerTest]: AccountControllerTest does not declare any static, non-private, non-final, nested classes annotated with @Configuration.
2022-01-11 13:44:45.030  INFO 21600 --- [    Test worker] .b.t.c.SpringBootTestContextBootstrapper : Found @SpringBootConfiguration com.ev.challenge.ChallengeApplication for test class com.ev.challenge.controller.AccountControllerTest
2022-01-11 13:44:45.031  INFO 21600 --- [    Test worker] .b.t.a.w.s.WebMvcTestContextBootstrapper : Loaded default TestExecutionListener class names from location [META-INF/spring.factories]: [org.springframework.boot.test.autoconfigure.restdocs.RestDocsTestExecutionListener, org.springframework.boot.test.autoconfigure.web.client.MockRestServiceServerResetTestExecutionListener, org.springframework.boot.test.autoconfigure.web.servlet.MockMvcPrintOnlyOnFailureTestExecutionListener, org.springframework.boot.test.autoconfigure.web.servlet.WebDriverTestExecutionListener, org.springframework.boot.test.autoconfigure.webservices.client.MockWebServiceServerTestExecutionListener, org.springframework.boot.test.mock.mockito.MockitoTestExecutionListener, org.springframework.boot.test.mock.mockito.ResetMocksTestExecutionListener, org.springframework.test.context.web.ServletTestExecutionListener, org.springframework.test.context.support.DirtiesContextBeforeModesTestExecutionListener, org.springframework.test.context.event.ApplicationEventsTestExecutionListener, org.springframework.test.context.support.DependencyInjectionTestExecutionListener, org.springframework.test.context.support.DirtiesContextTestExecutionListener, org.springframework.test.context.transaction.TransactionalTestExecutionListener, org.springframework.test.context.jdbc.SqlScriptsTestExecutionListener, org.springframework.test.context.event.EventPublishingTestExecutionListener]
2022-01-11 13:44:45.032  INFO 21600 --- [    Test worker] .b.t.a.w.s.WebMvcTestContextBootstrapper : Using TestExecutionListeners: [org.springframework.test.context.web.ServletTestExecutionListener@1d0acb8f, org.springframework.test.context.support.DirtiesContextBeforeModesTestExecutionListener@6abaa14b, org.springframework.test.context.event.ApplicationEventsTestExecutionListener@3b60be3, org.springframework.boot.test.mock.mockito.MockitoTestExecutionListener@2f3565c0, org.springframework.boot.test.autoconfigure.SpringBootDependencyInjectionTestExecutionListener@64a8851a, org.springframework.test.context.support.DirtiesContextTestExecutionListener@5b27d03d, org.springframework.test.context.transaction.TransactionalTestExecutionListener@687d31a9, org.springframework.test.context.jdbc.SqlScriptsTestExecutionListener@6ce24203, org.springframework.test.context.event.EventPublishingTestExecutionListener@4cc28ad0, org.springframework.boot.test.autoconfigure.restdocs.RestDocsTestExecutionListener@29811d4d, org.springframework.boot.test.autoconfigure.web.client.MockRestServiceServerResetTestExecutionListener@28f081ad, org.springframework.boot.test.autoconfigure.web.servlet.MockMvcPrintOnlyOnFailureTestExecutionListener@56fc2cea, org.springframework.boot.test.autoconfigure.web.servlet.WebDriverTestExecutionListener@e30a8ef, org.springframework.boot.test.autoconfigure.webservices.client.MockWebServiceServerTestExecutionListener@2ffaa711, org.springframework.boot.test.mock.mockito.ResetMocksTestExecutionListener@3abb6aa]

  .   ____          _            __ _ _
 /\\ / ___'_ __ _ _(_)_ __  __ _ \ \ \ \
( ( )\___ | '_ | '_| | '_ \/ _` | \ \ \ \
 \\/  ___)| |_)| | | | | || (_| |  ) ) ) )
  '  |____| .__|_| |_|_| |_\__, | / / / /
 =========|_|==============|___/=/_/_/_/
 :: Spring Boot ::                (v2.6.2)

2022-01-11 13:44:45.084  INFO 21600 --- [    Test worker] c.e.c.controller.AccountControllerTest   : Starting AccountControllerTest using Java 11.0.11 on enb1167 with PID 21600 (started by fernando.silva in C:\Users\fernando.silva\Documents\teste\challenge)
2022-01-11 13:44:45.084  INFO 21600 --- [    Test worker] c.e.c.controller.AccountControllerTest   : No active profile set, falling back to default profiles: default
2022-01-11 13:44:45.987  INFO 21600 --- [    Test worker] o.s.b.t.m.w.SpringBootMockServletContext : Initializing Spring TestDispatcherServlet ''
2022-01-11 13:44:45.987  INFO 21600 --- [    Test worker] o.s.t.web.servlet.TestDispatcherServlet  : Initializing Servlet ''
2022-01-11 13:44:45.988  INFO 21600 --- [    Test worker] o.s.t.web.servlet.TestDispatcherServlet  : Completed initialization in 0 ms
2022-01-11 13:44:46.011  INFO 21600 --- [    Test worker] c.e.c.controller.AccountControllerTest   : Started AccountControllerTest in 0.974 seconds (JVM running for 10.57)
]]></system-out>
  <system-err><![CDATA[]]></system-err>
</testsuite>
