<?xml version="1.0" encoding="UTF-8"?>
<testsuite name="com.ev.challenge.service.AccountServiceTest" tests="2" skipped="0" failures="0" errors="0" timestamp="2022-01-11T16:44:48" hostname="ENB1167" time="0.305">
  <properties/>
  <testcase name="withdrawal()" classname="com.ev.challenge.service.AccountServiceTest" time="0.298"/>
  <testcase name="create()" classname="com.ev.challenge.service.AccountServiceTest" time="0.006"/>
  <system-out><![CDATA[]]></system-out>
  <system-err><![CDATA[]]></system-err>
</testsuite>
