<?xml version="1.0" encoding="UTF-8"?>
<testsuite name="com.ev.challenge.controller.UserControllerTest" tests="5" skipped="0" failures="0" errors="0" timestamp="2022-01-11T16:44:48" hostname="ENB1167" time="0.152">
  <properties/>
  <testcase name="create()" classname="com.ev.challenge.controller.UserControllerTest" time="0.081"/>
  <testcase name="exclude()" classname="com.ev.challenge.controller.UserControllerTest" time="0.01"/>
  <testcase name="update()" classname="com.ev.challenge.controller.UserControllerTest" time="0.015"/>
  <testcase name="findAllByEmail()" classname="com.ev.challenge.controller.UserControllerTest" time="0.021"/>
  <testcase name="findByEmail()" classname="com.ev.challenge.controller.UserControllerTest" time="0.016"/>
  <system-out><![CDATA[2022-01-11 13:44:47.318  INFO 21600 --- [    Test worker] .b.t.a.w.s.WebMvcTestContextBootstrapper : Neither @ContextConfiguration nor @ContextHierarchy found for test class [com.ev.challenge.controller.UserControllerTest], using SpringBootContextLoader
2022-01-11 13:44:47.320  INFO 21600 --- [    Test worker] o.s.t.c.support.AbstractContextLoader    : Could not detect default resource locations for test class [com.ev.challenge.controller.UserControllerTest]: no resource found for suffixes {-context.xml, Context.groovy}.
2022-01-11 13:44:47.321  INFO 21600 --- [    Test worker] t.c.s.AnnotationConfigContextLoaderUtils : Could not detect default configuration classes for test class [com.ev.challenge.controller.UserControllerTest]: UserControllerTest does not declare any static, non-private, non-final, nested classes annotated with @Configuration.
2022-01-11 13:44:47.326  INFO 21600 --- [    Test worker] .b.t.c.SpringBootTestContextBootstrapper : Found @SpringBootConfiguration com.ev.challenge.ChallengeApplication for test class com.ev.challenge.controller.UserControllerTest
2022-01-11 13:44:47.327  INFO 21600 --- [    Test worker] .b.t.a.w.s.WebMvcTestContextBootstrapper : Loaded default TestExecutionListener class names from location [META-INF/spring.factories]: [org.springframework.boot.test.autoconfigure.restdocs.RestDocsTestExecutionListener, org.springframework.boot.test.autoconfigure.web.client.MockRestServiceServerResetTestExecutionListener, org.springframework.boot.test.autoconfigure.web.servlet.MockMvcPrintOnlyOnFailureTestExecutionListener, org.springframework.boot.test.autoconfigure.web.servlet.WebDriverTestExecutionListener, org.springframework.boot.test.autoconfigure.webservices.client.MockWebServiceServerTestExecutionListener, org.springframework.boot.test.mock.mockito.MockitoTestExecutionListener, org.springframework.boot.test.mock.mockito.ResetMocksTestExecutionListener, org.springframework.test.context.web.ServletTestExecutionListener, org.springframework.test.context.support.DirtiesContextBeforeModesTestExecutionListener, org.springframework.test.context.event.ApplicationEventsTestExecutionListener, org.springframework.test.context.support.DependencyInjectionTestExecutionListener, org.springframework.test.context.support.DirtiesContextTestExecutionListener, org.springframework.test.context.transaction.TransactionalTestExecutionListener, org.springframework.test.context.jdbc.SqlScriptsTestExecutionListener, org.springframework.test.context.event.EventPublishingTestExecutionListener]
2022-01-11 13:44:47.328  INFO 21600 --- [    Test worker] .b.t.a.w.s.WebMvcTestContextBootstrapper : Using TestExecutionListeners: [org.springframework.test.context.web.ServletTestExecutionListener@19993ed, org.springframework.test.context.support.DirtiesContextBeforeModesTestExecutionListener@7479cdf7, org.springframework.test.context.event.ApplicationEventsTestExecutionListener@71852f76, org.springframework.boot.test.mock.mockito.MockitoTestExecutionListener@308f18c0, org.springframework.boot.test.autoconfigure.SpringBootDependencyInjectionTestExecutionListener@7d44e3c7, org.springframework.test.context.support.DirtiesContextTestExecutionListener@47e89fed, org.springframework.test.context.transaction.TransactionalTestExecutionListener@1fcef6f9, org.springframework.test.context.jdbc.SqlScriptsTestExecutionListener@57cfb4d8, org.springframework.test.context.event.EventPublishingTestExecutionListener@d4f2f3d, org.springframework.boot.test.autoconfigure.restdocs.RestDocsTestExecutionListener@e5bce8e, org.springframework.boot.test.autoconfigure.web.client.MockRestServiceServerResetTestExecutionListener@66ca8882, org.springframework.boot.test.autoconfigure.web.servlet.MockMvcPrintOnlyOnFailureTestExecutionListener@4c0989f7, org.springframework.boot.test.autoconfigure.web.servlet.WebDriverTestExecutionListener@384b718c, org.springframework.boot.test.autoconfigure.webservices.client.MockWebServiceServerTestExecutionListener@68b4e7b5, org.springframework.boot.test.mock.mockito.ResetMocksTestExecutionListener@5a88ecb9]

  .   ____          _            __ _ _
 /\\ / ___'_ __ _ _(_)_ __  __ _ \ \ \ \
( ( )\___ | '_ | '_| | '_ \/ _` | \ \ \ \
 \\/  ___)| |_)| | | | | || (_| |  ) ) ) )
  '  |____| .__|_| |_|_| |_\__, | / / / /
 =========|_|==============|___/=/_/_/_/
 :: Spring Boot ::                (v2.6.2)

2022-01-11 13:44:47.376  INFO 21600 --- [    Test worker] c.e.c.controller.UserControllerTest      : Starting UserControllerTest using Java 11.0.11 on enb1167 with PID 21600 (started by fernando.silva in C:\Users\fernando.silva\Documents\teste\challenge)
2022-01-11 13:44:47.376  INFO 21600 --- [    Test worker] c.e.c.controller.UserControllerTest      : No active profile set, falling back to default profiles: default
2022-01-11 13:44:48.075  INFO 21600 --- [    Test worker] o.s.b.t.m.w.SpringBootMockServletContext : Initializing Spring TestDispatcherServlet ''
2022-01-11 13:44:48.075  INFO 21600 --- [    Test worker] o.s.t.web.servlet.TestDispatcherServlet  : Initializing Servlet ''
2022-01-11 13:44:48.076  INFO 21600 --- [    Test worker] o.s.t.web.servlet.TestDispatcherServlet  : Completed initialization in 1 ms
2022-01-11 13:44:48.095  INFO 21600 --- [    Test worker] c.e.c.controller.UserControllerTest      : Started UserControllerTest in 0.761 seconds (JVM running for 12.653)
]]></system-out>
  <system-err><![CDATA[]]></system-err>
</testsuite>
