<?xml version="1.0" encoding="UTF-8"?>
<testsuite name="com.ev.challenge.service.UserServiceTest" tests="5" skipped="0" failures="0" errors="0" timestamp="2022-01-11T16:44:48" hostname="ENB1167" time="0.026">
  <properties/>
  <testcase name="create()" classname="com.ev.challenge.service.UserServiceTest" time="0.005"/>
  <testcase name="delete()" classname="com.ev.challenge.service.UserServiceTest" time="0.006"/>
  <testcase name="findAll()" classname="com.ev.challenge.service.UserServiceTest" time="0.004"/>
  <testcase name="update()" classname="com.ev.challenge.service.UserServiceTest" time="0.004"/>
  <testcase name="findById()" classname="com.ev.challenge.service.UserServiceTest" time="0.004"/>
  <system-out><![CDATA[]]></system-out>
  <system-err><![CDATA[]]></system-err>
</testsuite>
