<?xml version="1.0" encoding="UTF-8"?>
<testsuite name="com.ev.challenge.service.OperationServiceTest" tests="1" skipped="0" failures="0" errors="0" timestamp="2022-01-11T16:44:48" hostname="ENB1167" time="0.002">
  <properties/>
  <testcase name="findAll()" classname="com.ev.challenge.service.OperationServiceTest" time="0.002"/>
  <system-out><![CDATA[]]></system-out>
  <system-err><![CDATA[]]></system-err>
</testsuite>
