<?xml version="1.0" encoding="UTF-8"?>
<testsuite name="com.ev.challenge.controller.OperationControllerTest" tests="1" skipped="0" failures="0" errors="0" timestamp="2022-01-11T16:44:47" hostname="ENB1167" time="0.082">
  <properties/>
  <testcase name="findAllByEmail()" classname="com.ev.challenge.controller.OperationControllerTest" time="0.082"/>
  <system-out><![CDATA[2022-01-11 13:44:46.416  INFO 21600 --- [    Test worker] .b.t.a.w.s.WebMvcTestContextBootstrapper : Neither @ContextConfiguration nor @ContextHierarchy found for test class [com.ev.challenge.controller.OperationControllerTest], using SpringBootContextLoader
2022-01-11 13:44:46.418  INFO 21600 --- [    Test worker] o.s.t.c.support.AbstractContextLoader    : Could not detect default resource locations for test class [com.ev.challenge.controller.OperationControllerTest]: no resource found for suffixes {-context.xml, Context.groovy}.
2022-01-11 13:44:46.418  INFO 21600 --- [    Test worker] t.c.s.AnnotationConfigContextLoaderUtils : Could not detect default configuration classes for test class [com.ev.challenge.controller.OperationControllerTest]: OperationControllerTest does not declare any static, non-private, non-final, nested classes annotated with @Configuration.
2022-01-11 13:44:46.424  INFO 21600 --- [    Test worker] .b.t.c.SpringBootTestContextBootstrapper : Found @SpringBootConfiguration com.ev.challenge.ChallengeApplication for test class com.ev.challenge.controller.OperationControllerTest
2022-01-11 13:44:46.425  INFO 21600 --- [    Test worker] .b.t.a.w.s.WebMvcTestContextBootstrapper : Loaded default TestExecutionListener class names from location [META-INF/spring.factories]: [org.springframework.boot.test.autoconfigure.restdocs.RestDocsTestExecutionListener, org.springframework.boot.test.autoconfigure.web.client.MockRestServiceServerResetTestExecutionListener, org.springframework.boot.test.autoconfigure.web.servlet.MockMvcPrintOnlyOnFailureTestExecutionListener, org.springframework.boot.test.autoconfigure.web.servlet.WebDriverTestExecutionListener, org.springframework.boot.test.autoconfigure.webservices.client.MockWebServiceServerTestExecutionListener, org.springframework.boot.test.mock.mockito.MockitoTestExecutionListener, org.springframework.boot.test.mock.mockito.ResetMocksTestExecutionListener, org.springframework.test.context.web.ServletTestExecutionListener, org.springframework.test.context.support.DirtiesContextBeforeModesTestExecutionListener, org.springframework.test.context.event.ApplicationEventsTestExecutionListener, org.springframework.test.context.support.DependencyInjectionTestExecutionListener, org.springframework.test.context.support.DirtiesContextTestExecutionListener, org.springframework.test.context.transaction.TransactionalTestExecutionListener, org.springframework.test.context.jdbc.SqlScriptsTestExecutionListener, org.springframework.test.context.event.EventPublishingTestExecutionListener]
2022-01-11 13:44:46.426  INFO 21600 --- [    Test worker] .b.t.a.w.s.WebMvcTestContextBootstrapper : Using TestExecutionListeners: [org.springframework.test.context.web.ServletTestExecutionListener@24facb47, org.springframework.test.context.support.DirtiesContextBeforeModesTestExecutionListener@6020cd42, org.springframework.test.context.event.ApplicationEventsTestExecutionListener@2b68c59b, org.springframework.boot.test.mock.mockito.MockitoTestExecutionListener@326d39fd, org.springframework.boot.test.autoconfigure.SpringBootDependencyInjectionTestExecutionListener@403f6c04, org.springframework.test.context.support.DirtiesContextTestExecutionListener@2693e39c, org.springframework.test.context.transaction.TransactionalTestExecutionListener@4bbabec8, org.springframework.test.context.jdbc.SqlScriptsTestExecutionListener@1043c493, org.springframework.test.context.event.EventPublishingTestExecutionListener@2b27d5d3, org.springframework.boot.test.autoconfigure.restdocs.RestDocsTestExecutionListener@12115c28, org.springframework.boot.test.autoconfigure.web.client.MockRestServiceServerResetTestExecutionListener@cc3fc5c, org.springframework.boot.test.autoconfigure.web.servlet.MockMvcPrintOnlyOnFailureTestExecutionListener@2aac60b, org.springframework.boot.test.autoconfigure.web.servlet.WebDriverTestExecutionListener@173602c0, org.springframework.boot.test.autoconfigure.webservices.client.MockWebServiceServerTestExecutionListener@fdeec12, org.springframework.boot.test.mock.mockito.ResetMocksTestExecutionListener@1cecd0a9]

  .   ____          _            __ _ _
 /\\ / ___'_ __ _ _(_)_ __  __ _ \ \ \ \
( ( )\___ | '_ | '_| | '_ \/ _` | \ \ \ \
 \\/  ___)| |_)| | | | | || (_| |  ) ) ) )
  '  |____| .__|_| |_|_| |_\__, | / / / /
 =========|_|==============|___/=/_/_/_/
 :: Spring Boot ::                (v2.6.2)

2022-01-11 13:44:46.491  INFO 21600 --- [    Test worker] c.e.c.c.OperationControllerTest          : Starting OperationControllerTest using Java 11.0.11 on enb1167 with PID 21600 (started by fernando.silva in C:\Users\fernando.silva\Documents\teste\challenge)
2022-01-11 13:44:46.491  INFO 21600 --- [    Test worker] c.e.c.c.OperationControllerTest          : No active profile set, falling back to default profiles: default
2022-01-11 13:44:47.196  INFO 21600 --- [    Test worker] o.s.b.t.m.w.SpringBootMockServletContext : Initializing Spring TestDispatcherServlet ''
2022-01-11 13:44:47.197  INFO 21600 --- [    Test worker] o.s.t.web.servlet.TestDispatcherServlet  : Initializing Servlet ''
2022-01-11 13:44:47.198  INFO 21600 --- [    Test worker] o.s.t.web.servlet.TestDispatcherServlet  : Completed initialization in 1 ms
2022-01-11 13:44:47.225  INFO 21600 --- [    Test worker] c.e.c.c.OperationControllerTest          : Started OperationControllerTest in 0.795 seconds (JVM running for 11.783)
]]></system-out>
  <system-err><![CDATA[]]></system-err>
</testsuite>
